                                 Started job on |	Sep 14 14:36:41
                             Started mapping on |	Sep 14 14:42:27
                                    Finished on |	Sep 14 14:47:18
       Mapping speed, Million of reads per hour |	256.73

                          Number of input reads |	20752354
                      Average input read length |	100
                                    UNIQUE READS:
                   Uniquely mapped reads number |	18405792
                        Uniquely mapped reads % |	88.69%
                          Average mapped length |	99.68
                       Number of splices: Total |	8028766
            Number of splices: Annotated (sjdb) |	7697445
                       Number of splices: GT/AG |	7982729
                       Number of splices: GC/AG |	37991
                       Number of splices: AT/AC |	3143
               Number of splices: Non-canonical |	4903
                      Mismatch rate per base, % |	0.11%
                         Deletion rate per base |	0.01%
                        Deletion average length |	1.50
                        Insertion rate per base |	0.01%
                       Insertion average length |	1.28
                             MULTI-MAPPING READS:
        Number of reads mapped to multiple loci |	1883696
             % of reads mapped to multiple loci |	9.08%
        Number of reads mapped to too many loci |	36464
             % of reads mapped to too many loci |	0.18%
                                  UNMAPPED READS:
  Number of reads unmapped: too many mismatches |	13028
       % of reads unmapped: too many mismatches |	0.06%
            Number of reads unmapped: too short |	394092
                 % of reads unmapped: too short |	1.90%
                Number of reads unmapped: other |	19282
                     % of reads unmapped: other |	0.09%
                                  CHIMERIC READS:
                       Number of chimeric reads |	0
                            % of chimeric reads |	0.00%
